c:\users\gavin\source\repos\consoleapplication10\consoleapplication10\debug\crc32.obj
c:\users\gavin\source\repos\consoleapplication10\consoleapplication10\debug\consoleapplication10.obj
c:\users\gavin\source\repos\consoleapplication10\consoleapplication10\debug\digest.obj
c:\users\gavin\source\repos\consoleapplication10\consoleapplication10\debug\md5.obj
c:\users\gavin\source\repos\consoleapplication10\consoleapplication10\debug\sha256.obj
c:\users\gavin\source\repos\consoleapplication10\consoleapplication10\debug\sha1.obj
c:\users\gavin\source\repos\consoleapplication10\consoleapplication10\debug\sha3.obj
c:\users\gavin\source\repos\consoleapplication10\consoleapplication10\debug\keccak.obj
c:\users\gavin\source\repos\consoleapplication10\debug\bypassmeanticheatinstaller.pdb
c:\users\gavin\source\repos\consoleapplication10\debug\bypassmeanticheatinstaller.exe
c:\users\gavin\source\repos\consoleapplication10\consoleapplication10\debug\consoleapplication10.ilk
c:\users\gavin\source\repos\consoleapplication10\consoleapplication10\debug\vc142.idb
c:\users\gavin\source\repos\consoleapplication10\consoleapplication10\debug\vc142.pdb
c:\users\gavin\source\repos\consoleapplication10\consoleapplication10\debug\bypassme.c52412ec.tlog\clang-cl.15356.delete.1.tlog
c:\users\gavin\source\repos\consoleapplication10\consoleapplication10\debug\bypassme.c52412ec.tlog\clang-cl.21904.delete.1.tlog
c:\users\gavin\source\repos\consoleapplication10\consoleapplication10\debug\bypassme.c52412ec.tlog\clang-cl.23300.delete.1.tlog
c:\users\gavin\source\repos\consoleapplication10\consoleapplication10\debug\bypassme.c52412ec.tlog\clang-cl.24980.delete.1.tlog
c:\users\gavin\source\repos\consoleapplication10\consoleapplication10\debug\bypassme.c52412ec.tlog\clang-cl.37112.delete.1.tlog
c:\users\gavin\source\repos\consoleapplication10\consoleapplication10\debug\bypassme.c52412ec.tlog\clang-cl.37156.delete.1.tlog
c:\users\gavin\source\repos\consoleapplication10\consoleapplication10\debug\bypassme.c52412ec.tlog\clang-cl.5304.delete.1.tlog
c:\users\gavin\source\repos\consoleapplication10\consoleapplication10\debug\bypassme.c52412ec.tlog\clang-cl.7188.delete.1.tlog
c:\users\gavin\source\repos\consoleapplication10\consoleapplication10\debug\bypassme.c52412ec.tlog\clang-cl.command.1.tlog
c:\users\gavin\source\repos\consoleapplication10\consoleapplication10\debug\bypassme.c52412ec.tlog\clang-cl.delete.1.tlog
c:\users\gavin\source\repos\consoleapplication10\consoleapplication10\debug\bypassme.c52412ec.tlog\clang-cl.read.1.tlog
c:\users\gavin\source\repos\consoleapplication10\consoleapplication10\debug\bypassme.c52412ec.tlog\clang-cl.write.1.tlog
c:\users\gavin\source\repos\consoleapplication10\consoleapplication10\debug\bypassme.c52412ec.tlog\lld-link.command.1.tlog
c:\users\gavin\source\repos\consoleapplication10\consoleapplication10\debug\bypassme.c52412ec.tlog\lld-link.delete.1.tlog
c:\users\gavin\source\repos\consoleapplication10\consoleapplication10\debug\bypassme.c52412ec.tlog\lld-link.read.1.tlog
c:\users\gavin\source\repos\consoleapplication10\consoleapplication10\debug\bypassme.c52412ec.tlog\lld-link.write.1.tlog
